
-----------------------------------------------------------------------------
| Classical Yang-Mills evolution with IP-Glasma initial configurations v1.4 |
-----------------------------------------------------------------------------
| References:                                                               |
| B. Schenke, P. Tribedy, R. Venugopalan                                    |
| Phys. Rev. Lett. 108, 252301 (2012) and Phys. Rev. C86, 034908 (2012)     |
-----------------------------------------------------------------------------
This version uses Qs as obtained from IP-Sat using the sum over proton T_p(b)
This is a simple MPI version that runs many events in one job. No communication.
Run using large lattices to improve convergence of the root finder in initial condition. Recommended: 600x600 using L=30fm

Using file name "input".
Reading parameters from file ... done.
Initializing group SU(3) ... done.
Init Glauber on rank 0 ... Allocating square lattice of size 64x64 with a=0.0625 fm ... done on rank 0.
Random seed = 0 - entered directly +rank*1000.
Initializing fields ... 
Sampling linearly distributed b between 0 and 0fm. Found b=0 fm.
Reading Q_s(sum(T_p),y) from file qs2Adj_vs_Tp_vs_Y_ext.in ...  done.
Sampling nucleon positions ... done. 
N_part=2
N_coll=1
T_pp(0 fm) = 1.37967 1/fm^2
Q_s^2(max) S_T = 15.4314
Q_s^2(avg) S_T = 9.36433
Q_s^2(min) S_T = 3.29721
Area = 6.98828 fm^2
Average Qs(max) = 0.293187 GeV
Average Qs(avg) = 0.228392 GeV
Average Qs(min) = 0.135524 GeV
resulting Y(Qs(max)*1) = -0.382494
resulting Y(Qs(avg)*1) = -0.132745
resulting Y(Qs(min)*1) =  0.389171
Color charge densities for nucleus A and B set. 
Using fixed alpha_s
 Wilson lines V_A and V_B set on rank 0. 
 done.
Starting evolution
itmax=96
check
Measuring multiplicity ... 
gauge fixing
divA components: 
0.0148386 0
0.046184 0
-0.00651591 0
-0.140095 0
0.0404329 0
-0.0702737 0
-0.0590697 0
0.0756738 0

0 0.0593544
3.46945e-18 0.184736
0 -0.0260636
0 -0.560379
0 0.161731
-1.38778e-17 -0.281095
-2.77556e-17 -0.236279
0 0.302695
0 0.00289478
dN/dy 1 = 0.0888226, dE/dy 1 = 0.289724
dN/dy 2 = 0.0628696, dE/dy 2 = 0.196663
gluon <p_T> = 3.26183
 done.
check
check
check
check
check
check
check
check

Evolving to time 0.0625 fm/c

check
check
check
check
check
check
check
check
check
check

Evolving to time 0.125 fm/c

check
check
check
check
check
check
check
check
check
check

Evolving to time 0.1875 fm/c

check
check
check
0.2 average u^x=0.308306
0.2 average u^y=0.27663
0.2 average tau u^eta=0.130484
WARNING: hydro grid length larger than the computed one.
Wrote outputs
check
check
check
check
check
check
check

Evolving to time 0.25 fm/c

check
check
check
check
check
check
check
check
check
check

Evolving to time 0.3125 fm/c

check
check
check
check
check
check
check
check
check
check

Evolving to time 0.375 fm/c

check
check
check
check
check
0.4 average u^x=0.367037
0.4 average u^y=0.313829
0.4 average tau u^eta=0.0830748
WARNING: hydro grid length larger than the computed one.
Wrote outputs
check
check
check
check
check

Evolving to time 0.4375 fm/c

check
check
check
check
check
check
check
check
check
check

Evolving to time 0.5 fm/c

check
check
check
check
check
check
check
check
check
check

Evolving to time 0.5625 fm/c

check
check
check
check
check
check
check
0.6 average u^x=0.798651
0.6 average u^y=1.31069
0.6 average tau u^eta=0.0972643
WARNING: hydro grid length larger than the computed one.
Wrote outputs
Gauss violation=1.41283e-20
Measuring multiplicity ... 
gauge fixing
divA components: 
-0.000114109 0
0.00012222 0
2.85477e-05 0
6.71115e-05 0
-0.000109986 0
5.28275e-05 0
-3.22862e-05 0
0.000109695 0

0 -0.000456436
0 0.00048888
0 0.000114191
0 0.000268446
0 -0.000439945
0 0.00021131
4.33681e-19 -0.000129145
0 0.000438779
0 2.6068e-08
 Hadronizing ... 
 done.
dN/dy 1 = 2.09829, dE/dy 1 = 3.29567
dN/dy 2 = 1.32583, dE/dy 2 = 2.33788
gluon <p_T> = 1.57065
hadron <p_T> = 0.587601
Hadrons: dN/dy(p_T>250 MeV)=2.14545, dE/dy(p_T>250 MeV)=1.26067
 done.
